<?xml version="1.0" encoding="UTF-8"?>
<!-- Generated by org.testng.reporters.JUnitReportReporter -->
<testsuite hostname="DESKTOP-G2CBKNR" failures="0" tests="1" name="com.knila.test.Test" time="15.274" errors="0" timestamp="2023-03-03T17:34:14 IST" skipped="0">
  <testcase classname="com.knila.test.Test" name="purchaseTest" time="15.274"/>
  <system-out/>
</testsuite> <!-- com.knila.test.Test -->
